2016-04-05 22:05:47 The page: department-numbers was not found. Oops...
The page requested can not be found.
2016-04-13 22:07:03 The page: quality-improvements was not found. Oops...
The page requested can not be found.
2016-04-15 21:11:39 Mail error: The following From address failed: adam.heaney@innovativeinformatics.com.auSMTP server error: Unauthenticated senders not allowed


2016-04-15 21:47:55 Mail error: The following From address failed: adam.heaney@innovativeinformatics.com.auSMTP server error: Access denied - Invalid HELO name (See RFC2821 4.1.3)


2016-05-01 23:49:17 The page: documents was not found. Oops...
The page requested can not be found.
2016-05-01 23:49:29 The page: documents was not found. Oops...
The page requested can not be found.
2016-05-01 23:54:04 The page: documents was not found. Oops...
The page requested can not be found.
2016-05-01 23:54:13 The page: documents was not found. Oops...
The page requested can not be found.
2016-05-01 23:54:14 The page: documents was not found. Oops...
The page requested can not be found.
2016-05-01 23:54:56 The page: documents was not found. Oops...
The page requested can not be found.
2016-05-01 23:54:57 The page: documents was not found. Oops...
The page requested can not be found.
2016-05-01 23:54:58 The page: documents was not found. Oops...
The page requested can not be found.
2016-05-01 23:55:10 The page: documents was not found. Oops...
The page requested can not be found.
2016-05-01 23:55:11 The page: documents was not found. Oops...
The page requested can not be found.
2016-05-01 23:56:21 The page: documents was not found. Oops...
The page requested can not be found.
2016-05-01 23:56:23 The page: documents was not found. Oops...
The page requested can not be found.
2016-05-01 23:56:46 The page: documents was not found. Oops...
The page requested can not be found.
2016-05-01 23:56:58 The page: documents was not found. Oops...
The page requested can not be found.
2016-05-01 23:57:20 The page: documents was not found. Oops...
The page requested can not be found.
2016-05-01 23:58:16 The page: documents was not found. Oops...
The page requested can not be found.
2016-05-01 23:58:18 The page: documents was not found. Oops...
The page requested can not be found.
2016-05-01 23:58:32 The page: documents was not found. Oops...
The page requested can not be found.
2016-05-01 23:58:52 The page: documents was not found. Oops...
The page requested can not be found.
2016-05-01 23:59:16 The page: documents was not found. Oops...
The page requested can not be found.
2016-05-01 23:59:34 The page: documents was not found. Oops...
The page requested can not be found.
2016-08-23 09:43:36 The page: ?p=login was not found. Oops...
The page requested can not be found.
2018-07-20 13:12:58 The page: documents was not found. Oops...
The page requested can not be found.
2018-07-20 15:02:25 The page: contact-numbers was not found. Oops...
The page requested can not be found.
2018-08-31 12:45:14 The page: contact-numbers was not found. Oops...
The page requested can not be found.
2018-09-11 19:31:15 The page: contact-numbers was not found. Oops...
The page requested can not be found.
2018-09-25 13:32:46 The page: contact-numbers was not found. Oops...
The page requested can not be found.
2018-10-20 13:13:23 The page: checklist-manager/ was not found. Oops...
The page requested can not be found.
2018-10-21 07:00:48 The page: report-faults was not found. Oops...
The page requested can not be found.
2018-10-21 07:22:08 The page: contact-numbers was not found. Oops...
The page requested can not be found.
2018-10-21 11:52:40 The page: qa_audits was not found. Oops...
The page requested can not be found.
2018-10-21 11:52:45 The page: qa_audit was not found. Oops...
The page requested can not be found.
2018-10-21 11:53:06 The page: qa_audit was not found. Oops...
The page requested can not be found.
2018-10-21 11:53:07 The page: qa_audits was not found. Oops...
The page requested can not be found.
2018-10-22 00:11:43 The page: documents was not found. Oops...
The page requested can not be found.
2018-10-22 00:49:31 The page:  was not found. The requested page can not be found. The page does not exist or has not been configured correctly.
2018-10-22 00:49:36 The page:  was not found. The requested page can not be found. The page does not exist or has not been configured correctly.
2018-10-23 09:36:16 The page: mcahine-qa was not found. Oops...
The page requested can not be found.
2018-10-23 09:36:22 The page: machine-qa was not found. Oops...
The page requested can not be found.
2018-10-24 22:10:13 The page: demo was not found. Oops...
The page requested can not be found.
2018-10-24 22:10:36 The page: demo was not found. Oops...
The page requested can not be found.
2018-10-24 22:11:57 The page: demo was not found. Oops...
The page requested can not be found.
2018-10-28 16:45:41 The page: documents was not found. Oops...
The page requested can not be found.
2018-12-03 21:37:55 The page: documents was not found. Oops...
The page requested can not be found.
2018-12-03 21:38:12 The page: documents was not found. Oops...
The page requested can not be found.
2018-12-03 21:52:09 The page: documents was not found. Oops...
The page requested can not be found.
2018-12-03 21:52:56 The page: documents was not found. Oops...
The page requested can not be found.
2018-12-03 21:57:51 The page: documents was not found. Oops...
The page requested can not be found.
2019-01-25 18:28:46 The page: 114 was not found. Oops...
The page requested can not be found.
2019-01-25 18:45:38 The page: documents was not found. Oops...
The page requested can not be found.
2019-01-25 18:45:52 The page: documents was not found. Oops...
The page requested can not be found.
2019-01-25 18:46:21 The page: documents was not found. Oops...
The page requested can not be found.
2019-01-25 18:48:03 The page: documents was not found. Oops...
The page requested can not be found.
2019-01-27 19:12:20 The page:  was not found. The requested page can not be found. The page does not exist or has not been configured correctly.
2019-01-27 19:14:43 The page:  was not found. The requested page can not be found. The page does not exist or has not been configured correctly.
2019-01-27 19:15:19 The page:  was not found. The requested page can not be found. The page does not exist or has not been configured correctly.
2019-01-27 19:15:22 The page:  was not found. The requested page can not be found. The page does not exist or has not been configured correctly.
2019-02-25 08:48:21 The page: documents was not found. Oops...
The page requested can not be found.
2019-07-13 16:40:20 The page:  was not found. The requested page can not be found. The page does not exist or has not been configured correctly.
2019-07-13 16:40:25 The page:  was not found. The requested page can not be found. The page does not exist or has not been configured correctly.
2019-10-12 13:38:14 The page: change-password was not found. Oops...
The page requested can not be found.
2019-10-12 13:38:19 The page: update-password was not found. Oops...
The page requested can not be found.
2020-05-03 17:37:41 The page: msds-register was not found. Oops...
The page requested can not be found.
2020-05-04 08:15:53 The page: sitemap was not found. Oops...
The page requested can not be found.
2020-05-06 07:10:34 The page: phpmyadmin was not found. Oops...
The page requested can not be found.
2020-05-06 09:00:44 The page: feedback was not found. Oops...
The page requested can not be found.
2020-05-06 09:01:04 The page: cms-feedback was not found. Oops...
The page requested can not be found.
2020-05-06 09:01:40 The page: feedback was not found. Oops...
The page requested can not be found.
